Build started 3/1/2017 3:41:15 AM.
     1>Project "C:\Users\Valued Customer\Desktop\Stephen Benner\Programming\C++\Runescape Clone\Alpha\Alpha\Alpha.vcxproj" on node 2 (Build target(s)).
     1>ClCompile:
         E:\Program Files (x86)\VC\bin\CL.exe /c /AI"C:\Program Files (x86)\Reference Assemblies\Microsoft\Framework\.NETFramework\v4.5\\" /AI"C:\Program Files (x86)\Windows Kits\8.1\References\CommonConfiguration\Neutral" /AI"C:\Program Files (x86)\Reference Assemblies\Microsoft\Framework\.NETFramework\v4.5\Facades\\" /Zi /clr /nologo /W3 /WX- /O2 /Oy- /D WIN32 /D NDEBUG /D _UNICODE /D UNICODE /EHa /MD /GS /fp:precise /Zc:wchar_t /Zc:forScope /Fo"Release\\" /Fd"Release\vc120.pdb" /TP /FU"C:\Program Files (x86)\Reference Assemblies\Microsoft\Framework\.NETFramework\v4.5\mscorlib.dll" /analyze- /errorReport:prompt /clr:nostdlib PrayerBook.cpp Skills.cpp main.cpp
         PrayerBook.cpp
     1>c:\users\valued customer\desktop\stephen benner\programming\c++\runescape clone\alpha\alpha\Skills.h(45): warning C4244: 'return' : conversion from 'double' to 'int', possible loss of data
         Skills.cpp
     1>c:\users\valued customer\desktop\stephen benner\programming\c++\runescape clone\alpha\alpha\Skills.h(45): warning C4244: 'return' : conversion from 'double' to 'int', possible loss of data
     1>Skills.cpp(88): warning C4244: '+=' : conversion from 'double' to 'int', possible loss of data
     1>Skills.cpp(95): warning C4244: '+=' : conversion from 'double' to 'int', possible loss of data
     1>Skills.cpp(98): warning C4244: '=' : conversion from 'double' to 'int', possible loss of data
     1>Skills.cpp(156): warning C4244: '=' : conversion from 'double' to 'int', possible loss of data
     1>Skills.cpp(165): warning C4244: '=' : conversion from 'double' to 'int', possible loss of data
         main.cpp
         Generating Code...
       Link:
         E:\Program Files (x86)\VC\bin\link.exe /ERRORREPORT:PROMPT /OUT:"C:\Users\Valued Customer\Desktop\Stephen Benner\Programming\C++\Runescape Clone\Alpha\Release\Alpha.exe" /INCREMENTAL:NO /NOLOGO /MANIFEST /MANIFESTUAC:"level='asInvoker' uiAccess='false'" /manifest:embed /DEBUG /PDB:"C:\Users\Valued Customer\Desktop\Stephen Benner\Programming\C++\Runescape Clone\Alpha\Release\Alpha.pdb" /TLBID:1 /DYNAMICBASE /FIXED:NO /NXCOMPAT /MACHINE:X86 /SAFESEH Release\Aura.obj
         Release\Bank.obj
         Release\Combat.obj
         Release\CombatAssistant.obj
         Release\CombatInterface.obj
         Release\Cooking.obj
         Release\Crafting.obj
         Release\DefinitionLoader.obj
         Release\Equipment.obj
         Release\Fishing.obj
         Release\Fletching.obj
         Release\Food.obj
         Release\FormulaData.obj
         Release\Game.obj
         Release\Ground.obj
         Release\Herblore.obj
         Release\Inventory.obj
         Release\Item.obj
         Release\Loot.obj
         Release\Magic.obj
         Release\MagicFormulas.obj
         Release\main.obj
         Release\Map.obj
         Release\MeleeFormulas.obj
         Release\Mining.obj
         Release\Npc.obj
         Release\Player.obj
         Release\Potion.obj
         Release\Prayer.obj
         Release\PrayerBook.obj
         Release\RangedFormulas.obj
         Release\Runecrafting.obj
         Release\Shop.obj
         Release\Skills.obj
         Release\Slayer.obj
         Release\SlayerTask.obj
         Release\Smithing.obj
         Release\SpellBook.obj
         Release\Tutorial.obj
         Release\UseItem.obj
         Release\Woodcutting.obj
         "Release\.NETFramework,Version=v4.5.AssemblyAttributes.obj"
         Alpha.vcxproj -> C:\Users\Valued Customer\Desktop\Stephen Benner\Programming\C++\Runescape Clone\Alpha\Release\Alpha.exe
     1>Done Building Project "C:\Users\Valued Customer\Desktop\Stephen Benner\Programming\C++\Runescape Clone\Alpha\Alpha\Alpha.vcxproj" (Build target(s)).

Build succeeded.

Time Elapsed 00:00:02.49
